cpanm (App::cpanminus) 1.7022 on perl 5.020001 built for x86_64-linux
Work directory is /home/isucon/.cpanm/work/1419753591.7035
You have make /usr/bin/make
You have /usr/bin/wget
You have /bin/tar: tar (GNU tar) 1.23
Copyright (C) 2010 Free Software Foundation, Inc.
License GPLv3+: GNU GPL version 3 or later <http://gnu.org/licenses/gpl.html>.
This is free software: you are free to change and redistribute it.
There is NO WARRANTY, to the extent permitted by law.

Written by John Gilmore and Jay Fenlason.
You have /usr/bin/unzip
Checking if you have ExtUtils::MakeMaker 6.58 ... Yes (6.98)
Checking if you have ExtUtils::Install 1.46 ... Yes (1.67)
--> Working on /home/isucon/webapp/perl/
Entering /home/isucon/webapp/perl
Configuring /home/isucon/webapp/perl
-> OK
Checking if you have Kossy 0 ... Yes (0.38)
Checking if you have Starman 0 ... Yes (0.4010)
Checking if you have Redis 0 ... Yes (1.976)
<== Installed dependencies for /home/isucon/webapp/perl/. Finishing.
