cpanm (App::cpanminus) 1.7022 on perl 5.020001 built for x86_64-linux
Work directory is /home/isucon/.cpanm/work/1419753903.7346
You have make /usr/bin/make
You have /usr/bin/wget
You have /bin/tar: tar (GNU tar) 1.23
Copyright (C) 2010 Free Software Foundation, Inc.
License GPLv3+: GNU GPL version 3 or later <http://gnu.org/licenses/gpl.html>.
This is free software: you are free to change and redistribute it.
There is NO WARRANTY, to the extent permitted by law.

Written by John Gilmore and Jay Fenlason.
You have /usr/bin/unzip
Checking if you have ExtUtils::MakeMaker 6.58 ... Yes (6.98)
Checking if you have ExtUtils::Install 1.46 ... Yes (1.67)
--> Working on /home/isucon/webapp/perl/
Entering /home/isucon/webapp/perl
Configuring /home/isucon/webapp/perl
-> OK
Checking if you have Starman 0 ... No
Checking if you have Redis 0 ... No
Checking if you have Kossy 0 ... No
==> Found dependencies: Starman, Redis, Kossy
Searching Starman on mirror index /home/isucon/.local/cartonã/cache/modules/02packages.details.txt ...
--> Working on Starman
Fetching http://cpan.metacpan.org/authors/id/M/MI/MIYAGAWA/Starman-0.4010.tar.gz
-> OK
Unpacking Starman-0.4010.tar.gz
Copying Starman-0.4010.tar.gz to /home/isucon/.local/cartonã/cache/authors/id/M/MI/MIYAGAWA/Starman-0.4010.tar.gz
Entering Starman-0.4010
Checking configure dependencies from META.json
Checking if you have Module::Build::Tiny 0.037 ... No
==> Found dependencies: Module::Build::Tiny
Searching Module::Build::Tiny on mirror index /home/isucon/.local/cartonã/cache/modules/02packages.details.txt ...
--> Working on Module::Build::Tiny
Fetching http://cpan.metacpan.org/authors/id/L/LE/LEONT/Module-Build-Tiny-0.039.tar.gz
-> OK
Unpacking Module-Build-Tiny-0.039.tar.gz
Copying Module-Build-Tiny-0.039.tar.gz to /home/isucon/.local/cartonã/cache/authors/id/L/LE/LEONT/Module-Build-Tiny-0.039.tar.gz
Entering Module-Build-Tiny-0.039
Checking configure dependencies from META.json
Checking if you have ExtUtils::Config 0.003 ... Yes (0.008)
Checking if you have ExtUtils::Install 0 ... Yes (1.67)
Checking if you have Exporter 5.57 ... Yes (5.71)
Checking if you have ExtUtils::ParseXS 0 ... Yes (3.24)
Checking if you have TAP::Harness::Env 0 ... Yes (3.30)
Checking if you have File::Spec::Functions 0 ... Yes (3.48)
Checking if you have ExtUtils::Helpers 0.020 ... Yes (0.022)
Checking if you have File::Path 0 ... Yes (2.09)
Checking if you have ExtUtils::CBuilder 0 ... Yes (0.280217)
Checking if you have DynaLoader 0 ... Yes (1.25)
Checking if you have strict 0 ... Yes (1.08)
Checking if you have ExtUtils::InstallPaths 0.002 ... Yes (0.010)
Checking if you have JSON::PP 2 ... Yes (2.27203)
Checking if you have File::Basename 0 ... Yes (2.85)
Checking if you have warnings 0 ... Yes (1.23)
Checking if you have Getopt::Long 2.36 ... Yes (2.42)
Checking if you have CPAN::Meta 0 ... Yes (2.140640)
Checking if you have File::Find 0 ... Yes (1.27)
Checking if you have Pod::Man 0 ... Yes (2.28)
Configuring Module-Build-Tiny-0.039
Running Build.PL
Creating new 'Build' script for 'Module-Build-Tiny' version '0.039'
-> OK
Checking dependencies from MYMETA.json ...
Checking if you have Pod::Man 0 ... Yes (2.28)
Checking if you have strict 0 ... Yes (1.08)
Checking if you have ExtUtils::InstallPaths 0.002 ... Yes (0.010)
Checking if you have DynaLoader 0 ... Yes (1.25)
Checking if you have File::Basename 0 ... Yes (2.85)
Checking if you have JSON::PP 2 ... Yes (2.27203)
Checking if you have CPAN::Meta 0 ... Yes (2.140640)
Checking if you have File::Find 0 ... Yes (1.27)
Checking if you have Getopt::Long 2.36 ... Yes (2.42)
Checking if you have warnings 0 ... Yes (1.23)
Checking if you have TAP::Harness::Env 0 ... Yes (3.30)
Checking if you have ExtUtils::ParseXS 0 ... Yes (3.24)
Checking if you have File::Spec::Functions 0 ... Yes (3.48)
Checking if you have File::Path 0 ... Yes (2.09)
Checking if you have ExtUtils::CBuilder 0 ... Yes (0.280217)
Checking if you have ExtUtils::Helpers 0.020 ... Yes (0.022)
Checking if you have ExtUtils::Config 0.003 ... Yes (0.008)
Checking if you have Exporter 5.57 ... Yes (5.71)
Checking if you have ExtUtils::Install 0 ... Yes (1.67)
Building Module-Build-Tiny-0.039
cp lib/Module/Build/Tiny.pm blib/lib/Module/Build/Tiny.pm
-> OK
Successfully installed Module-Build-Tiny-0.039
Installing /home/isucon/.local/cartonã/lib/perl5/x86_64-linux/.meta/Module-Build-Tiny-0.039/install.json
-> FAIL Installing the dependencies failed: Module 'Module::Build::Tiny' is not installed
-> FAIL Bailing out the installation for Starman-0.4010.
Searching Redis on mirror index /home/isucon/.local/cartonã/cache/modules/02packages.details.txt ...
--> Working on Redis
Fetching http://cpan.metacpan.org/authors/id/D/DA/DAMS/Redis-1.976.tar.gz
-> OK
Unpacking Redis-1.976.tar.gz
Copying Redis-1.976.tar.gz to /home/isucon/.local/cartonã/cache/authors/id/D/DA/DAMS/Redis-1.976.tar.gz
Entering Redis-1.976
Checking configure dependencies from META.json
Checking if you have ExtUtils::MakeMaker 6.63_03 ... Yes (6.98)
Checking if you have Module::Build::Tiny 0.036 ... No
==> Found dependencies: Module::Build::Tiny
Already tried Module::Build::Tiny. Skipping.
-> FAIL Installing the dependencies failed: Module 'Module::Build::Tiny' is not installed
-> FAIL Bailing out the installation for Redis-1.976.
Searching Kossy on mirror index /home/isucon/.local/cartonã/cache/modules/02packages.details.txt ...
--> Working on Kossy
Fetching http://cpan.metacpan.org/authors/id/K/KA/KAZEBURO/Kossy-0.38.tar.gz
-> OK
Unpacking Kossy-0.38.tar.gz
Copying Kossy-0.38.tar.gz to /home/isucon/.local/cartonã/cache/authors/id/K/KA/KAZEBURO/Kossy-0.38.tar.gz
Entering Kossy-0.38
Checking configure dependencies from META.json
Checking if you have Module::Build::Tiny 0.035 ... No
==> Found dependencies: Module::Build::Tiny
Already tried Module::Build::Tiny. Skipping.
-> FAIL Installing the dependencies failed: Module 'Module::Build::Tiny' is not installed
-> FAIL Bailing out the installation for Kossy-0.38.
-> FAIL Installing the dependencies failed: Module 'Redis' is not installed, Module 'Starman' is not installed, Module 'Kossy' is not installed
-> FAIL Bailing out the installation for /home/isucon/webapp/perl/.
1 distribution installed
