cpanm (App::cpanminus) 1.7022 on perl 5.020001 built for x86_64-linux
Work directory is /home/isucon/.cpanm/work/1419753651.7047
You have make /usr/bin/make
You have /usr/bin/wget
You have /bin/tar: tar (GNU tar) 1.23
Copyright (C) 2010 Free Software Foundation, Inc.
License GPLv3+: GNU GPL version 3 or later <http://gnu.org/licenses/gpl.html>.
This is free software: you are free to change and redistribute it.
There is NO WARRANTY, to the extent permitted by law.

Written by John Gilmore and Jay Fenlason.
You have /usr/bin/unzip
Checking if you have ExtUtils::MakeMaker 6.58 ... Yes (6.98)
Checking if you have ExtUtils::Install 1.46 ... Yes (1.67)
--> Working on /home/isucon/webapp/perl/
Entering /home/isucon/webapp/perl
Configuring /home/isucon/webapp/perl
-> OK
Checking if you have Starman 0 ... No
Checking if you have Kossy 0 ... No
Checking if you have Redis 0 ... No
==> Found dependencies: Starman, Kossy, Redis
Searching Starman on mirror index /home/isucon/webapp/perl/local/cache/modules/02packages.details.txt ...
--> Working on Starman
Fetching http://cpan.metacpan.org/authors/id/M/MI/MIYAGAWA/Starman-0.4010.tar.gz
-> OK
Unpacking Starman-0.4010.tar.gz
Copying Starman-0.4010.tar.gz to /home/isucon/webapp/perl/local/cache/authors/id/M/MI/MIYAGAWA/Starman-0.4010.tar.gz
Entering Starman-0.4010
Checking configure dependencies from META.json
Checking if you have Module::Build::Tiny 0.037 ... No
==> Found dependencies: Module::Build::Tiny
Searching Module::Build::Tiny on mirror index /home/isucon/webapp/perl/local/cache/modules/02packages.details.txt ...
--> Working on Module::Build::Tiny
Fetching http://cpan.metacpan.org/authors/id/L/LE/LEONT/Module-Build-Tiny-0.039.tar.gz
-> FAIL Download cancelled.
-> FAIL Failed to fetch distribution Module-Build-Tiny-0.039
-> FAIL Installing the dependencies failed: Module 'Module::Build::Tiny' is not installed
-> FAIL Bailing out the installation for Starman-0.4010.
Searching Kossy on mirror index /home/isucon/webapp/perl/local/cache/modules/02packages.details.txt ...
--> Working on Kossy
Fetching http://cpan.metacpan.org/authors/id/K/KA/KAZEBURO/Kossy-0.38.tar.gz
-> OK
Unpacking Kossy-0.38.tar.gz
Copying Kossy-0.38.tar.gz to /home/isucon/webapp/perl/local/cache/authors/id/K/KA/KAZEBURO/Kossy-0.38.tar.gz
Entering Kossy-0.38
Checking configure dependencies from META.json
Checking if you have Module::Build::Tiny 0.035 ... No
==> Found dependencies: Module::Build::Tiny
Already tried Module::Build::Tiny. Skipping.
-> FAIL Installing the dependencies failed: Module 'Module::Build::Tiny' is not installed
-> FAIL Bailing out the installation for Kossy-0.38.
Searching Redis on mirror index /home/isucon/webapp/perl/local/cache/modules/02packages.details.txt ...
--> Working on Redis
Fetching http://cpan.metacpan.org/authors/id/D/DA/DAMS/Redis-1.976.tar.gz
-> FAIL Download cancelled.
-> FAIL Failed to fetch distribution Redis-1.976
-> FAIL Installing the dependencies failed: Module 'Redis' is not installed, Module 'Kossy' is not installed, Module 'Starman' is not installed
-> FAIL Bailing out the installation for /home/isucon/webapp/perl/.
